#! /usr/local/iverilog/bin/vvp
:ivl_version "11.0 (devel)" "(s20150603-642-g3bdb50da)";
:ivl_delay_selection "TYPICAL";
:vpi_time_precision + 0;
:vpi_module "system";
:vpi_module "vhdl_sys";
:vpi_module "vhdl_textio";
:vpi_module "v2005_math";
:vpi_module "va_math";
S_00000000008ae3b0 .scope module, "labL6" "labL6" 2 1;
 .timescale 0 0;
v0000000000915960_0 .var "a", 31 0;
v0000000000914ec0_0 .var "b", 31 0;
v0000000000915640_0 .var "cin", 0 0;
v0000000000915460_0 .net "cout", 0 0, L_0000000000927770;  1 drivers
v0000000000916220_0 .var "expect", 31 0;
v00000000009153c0_0 .var "ok", 0 0;
v00000000009156e0_0 .net "z", 31 0, L_0000000000915a00;  1 drivers
S_00000000008ae540 .scope module, "test" "yAdder" 2 6, 3 1 0, S_00000000008ae3b0;
 .timescale 0 0;
    .port_info 0 /OUTPUT 32 "z";
    .port_info 1 /OUTPUT 1 "cout";
    .port_info 2 /INPUT 32 "a";
    .port_info 3 /INPUT 32 "b";
    .port_info 4 /INPUT 1 "cin";
L_0000000000923680 .functor BUFZ 1, v0000000000915640_0, C4<0>, C4<0>, C4<0>;
v0000000000914f60_0 .net *"_s101", 0 0, L_0000000000923680;  1 drivers
v00000000009162c0_0 .net *"_s106", 30 0, L_0000000000926ff0;  1 drivers
v00000000009158c0_0 .net "a", 31 0, v0000000000915960_0;  1 drivers
v0000000000915dc0_0 .net "b", 31 0, v0000000000914ec0_0;  1 drivers
v0000000000914e20_0 .net "cin", 0 0, v0000000000915640_0;  1 drivers
v0000000000916400_0 .net "cout", 0 0, L_0000000000927770;  alias, 1 drivers
v00000000009164a0_0 .net "in", 31 0, L_0000000000926f50;  1 drivers
v0000000000915000_0 .net "out", 31 0, L_00000000009160e0;  1 drivers
v0000000000915280_0 .net "z", 31 0, L_0000000000915a00;  alias, 1 drivers
LS_0000000000915a00_0_0 .concat [ 1 1 1 1], L_00000000008a0e00, L_00000000008a1110, L_00000000009190b0, L_0000000000918be0;
LS_0000000000915a00_0_4 .concat [ 1 1 1 1], L_0000000000918fd0, L_0000000000918940, L_0000000000918860, L_0000000000919510;
LS_0000000000915a00_0_8 .concat [ 1 1 1 1], L_0000000000918e80, L_000000000091b690, L_000000000091b310, L_000000000091b7e0;
LS_0000000000915a00_0_12 .concat [ 1 1 1 1], L_000000000091b150, L_000000000091add0, L_000000000091ac10, L_000000000091aeb0;
LS_0000000000915a00_0_16 .concat [ 1 1 1 1], L_000000000091d100, L_000000000091cd10, L_000000000091cfb0, L_000000000091cc30;
LS_0000000000915a00_0_20 .concat [ 1 1 1 1], L_000000000091d950, L_000000000091ca70, L_000000000091d6b0, L_0000000000920190;
LS_0000000000915a00_0_24 .concat [ 1 1 1 1], L_00000000009206d0, L_000000000091fd30, L_000000000091fb70, L_00000000009204a0;
LS_0000000000915a00_0_28 .concat [ 1 1 1 1], L_000000000091fc50, L_0000000000920820, L_0000000000923920, L_0000000000922c70;
LS_0000000000915a00_1_0 .concat [ 4 4 4 4], LS_0000000000915a00_0_0, LS_0000000000915a00_0_4, LS_0000000000915a00_0_8, LS_0000000000915a00_0_12;
LS_0000000000915a00_1_4 .concat [ 4 4 4 4], LS_0000000000915a00_0_16, LS_0000000000915a00_0_20, LS_0000000000915a00_0_24, LS_0000000000915a00_0_28;
L_0000000000915a00 .concat [ 16 16 0 0], LS_0000000000915a00_1_0, LS_0000000000915a00_1_4;
LS_00000000009160e0_0_0 .concat [ 1 1 1 1], L_00000000008a0ee0, L_0000000000918ef0, L_00000000009193c0, L_0000000000918cc0;
LS_00000000009160e0_0_4 .concat [ 1 1 1 1], L_0000000000919190, L_00000000009187f0, L_0000000000919270, L_00000000009188d0;
LS_00000000009160e0_0_8 .concat [ 1 1 1 1], L_000000000091b460, L_000000000091b8c0, L_000000000091b230, L_000000000091b2a0;
LS_00000000009160e0_0_12 .concat [ 1 1 1 1], L_000000000091b5b0, L_000000000091aa50, L_000000000091acf0, L_000000000091cbc0;
LS_00000000009160e0_0_16 .concat [ 1 1 1 1], L_000000000091d250, L_000000000091cdf0, L_000000000091d2c0, L_000000000091ced0;
LS_00000000009160e0_0_20 .concat [ 1 1 1 1], L_000000000091d330, L_000000000091cae0, L_0000000000920200, L_0000000000920660;
LS_00000000009160e0_0_24 .concat [ 1 1 1 1], L_000000000091fda0, L_000000000091fcc0, L_0000000000920970, L_000000000091fef0;
LS_00000000009160e0_0_28 .concat [ 1 1 1 1], L_00000000009200b0, L_0000000000923ca0, L_00000000009235a0, L_00000000009238b0;
LS_00000000009160e0_1_0 .concat [ 4 4 4 4], LS_00000000009160e0_0_0, LS_00000000009160e0_0_4, LS_00000000009160e0_0_8, LS_00000000009160e0_0_12;
LS_00000000009160e0_1_4 .concat [ 4 4 4 4], LS_00000000009160e0_0_16, LS_00000000009160e0_0_20, LS_00000000009160e0_0_24, LS_00000000009160e0_0_28;
L_00000000009160e0 .concat [ 16 16 0 0], LS_00000000009160e0_1_0, LS_00000000009160e0_1_4;
L_0000000000915d20 .part v0000000000915960_0, 0, 1;
L_0000000000915820 .part v0000000000915960_0, 1, 1;
L_0000000000915f00 .part v0000000000915960_0, 2, 1;
L_00000000009151e0 .part v0000000000915960_0, 3, 1;
L_0000000000915aa0 .part v0000000000915960_0, 4, 1;
L_0000000000915b40 .part v0000000000915960_0, 5, 1;
L_0000000000915fa0 .part v0000000000915960_0, 6, 1;
L_0000000000916180 .part v0000000000915960_0, 7, 1;
L_000000000092a470 .part v0000000000915960_0, 8, 1;
L_000000000092a3d0 .part v0000000000915960_0, 9, 1;
L_0000000000929a70 .part v0000000000915960_0, 10, 1;
L_000000000092a1f0 .part v0000000000915960_0, 11, 1;
L_000000000092a330 .part v0000000000915960_0, 12, 1;
L_000000000092a8d0 .part v0000000000915960_0, 13, 1;
L_0000000000929610 .part v0000000000915960_0, 14, 1;
L_00000000009297f0 .part v0000000000915960_0, 15, 1;
L_000000000092a510 .part v0000000000915960_0, 16, 1;
L_000000000092ab50 .part v0000000000915960_0, 17, 1;
L_0000000000929890 .part v0000000000915960_0, 18, 1;
L_0000000000929ed0 .part v0000000000915960_0, 19, 1;
L_000000000092a290 .part v0000000000915960_0, 20, 1;
L_0000000000929930 .part v0000000000915960_0, 21, 1;
L_00000000009299d0 .part v0000000000915960_0, 22, 1;
L_0000000000929d90 .part v0000000000915960_0, 23, 1;
L_0000000000929b10 .part v0000000000915960_0, 24, 1;
L_0000000000929bb0 .part v0000000000915960_0, 25, 1;
L_0000000000929c50 .part v0000000000915960_0, 26, 1;
L_0000000000929e30 .part v0000000000915960_0, 27, 1;
L_000000000092a6f0 .part v0000000000915960_0, 28, 1;
L_0000000000929cf0 .part v0000000000915960_0, 29, 1;
L_000000000092a650 .part v0000000000915960_0, 30, 1;
L_000000000092a5b0 .part v0000000000915960_0, 31, 1;
L_000000000092abf0 .part v0000000000914ec0_0, 0, 1;
L_000000000092aab0 .part v0000000000914ec0_0, 1, 1;
L_000000000092ac90 .part v0000000000914ec0_0, 2, 1;
L_000000000092a790 .part v0000000000914ec0_0, 3, 1;
L_0000000000929750 .part v0000000000914ec0_0, 4, 1;
L_000000000092a830 .part v0000000000914ec0_0, 5, 1;
L_000000000092a970 .part v0000000000914ec0_0, 6, 1;
L_0000000000929f70 .part v0000000000914ec0_0, 7, 1;
L_00000000009296b0 .part v0000000000914ec0_0, 8, 1;
L_000000000092aa10 .part v0000000000914ec0_0, 9, 1;
L_000000000092a010 .part v0000000000914ec0_0, 10, 1;
L_000000000092a0b0 .part v0000000000914ec0_0, 11, 1;
L_000000000092a150 .part v0000000000914ec0_0, 12, 1;
L_0000000000928c10 .part v0000000000914ec0_0, 13, 1;
L_00000000009287b0 .part v0000000000914ec0_0, 14, 1;
L_00000000009288f0 .part v0000000000914ec0_0, 15, 1;
L_00000000009278b0 .part v0000000000914ec0_0, 16, 1;
L_0000000000927270 .part v0000000000914ec0_0, 17, 1;
L_0000000000926eb0 .part v0000000000914ec0_0, 18, 1;
L_0000000000929570 .part v0000000000914ec0_0, 19, 1;
L_0000000000927090 .part v0000000000914ec0_0, 20, 1;
L_0000000000927630 .part v0000000000914ec0_0, 21, 1;
L_0000000000928350 .part v0000000000914ec0_0, 22, 1;
L_00000000009283f0 .part v0000000000914ec0_0, 23, 1;
L_0000000000928a30 .part v0000000000914ec0_0, 24, 1;
L_00000000009280d0 .part v0000000000914ec0_0, 25, 1;
L_0000000000927bd0 .part v0000000000914ec0_0, 26, 1;
L_0000000000928f30 .part v0000000000914ec0_0, 27, 1;
L_0000000000928850 .part v0000000000914ec0_0, 28, 1;
L_0000000000927db0 .part v0000000000914ec0_0, 29, 1;
L_0000000000928e90 .part v0000000000914ec0_0, 30, 1;
L_0000000000927310 .part v0000000000914ec0_0, 31, 1;
L_0000000000928990 .part L_0000000000926f50, 0, 1;
L_00000000009271d0 .part L_0000000000926f50, 1, 1;
L_00000000009291b0 .part L_0000000000926f50, 2, 1;
L_0000000000928030 .part L_0000000000926f50, 3, 1;
L_0000000000929070 .part L_0000000000926f50, 4, 1;
L_00000000009285d0 .part L_0000000000926f50, 5, 1;
L_0000000000928cb0 .part L_0000000000926f50, 6, 1;
L_00000000009279f0 .part L_0000000000926f50, 7, 1;
L_0000000000928d50 .part L_0000000000926f50, 8, 1;
L_0000000000928ad0 .part L_0000000000926f50, 9, 1;
L_00000000009273b0 .part L_0000000000926f50, 10, 1;
L_0000000000929110 .part L_0000000000926f50, 11, 1;
L_0000000000929430 .part L_0000000000926f50, 12, 1;
L_0000000000928170 .part L_0000000000926f50, 13, 1;
L_0000000000926e10 .part L_0000000000926f50, 14, 1;
L_0000000000928210 .part L_0000000000926f50, 15, 1;
L_0000000000929390 .part L_0000000000926f50, 16, 1;
L_0000000000927450 .part L_0000000000926f50, 17, 1;
L_0000000000928b70 .part L_0000000000926f50, 18, 1;
L_0000000000928df0 .part L_0000000000926f50, 19, 1;
L_0000000000928fd0 .part L_0000000000926f50, 20, 1;
L_00000000009276d0 .part L_0000000000926f50, 21, 1;
L_0000000000927810 .part L_0000000000926f50, 22, 1;
L_00000000009274f0 .part L_0000000000926f50, 23, 1;
L_0000000000929250 .part L_0000000000926f50, 24, 1;
L_00000000009292f0 .part L_0000000000926f50, 25, 1;
L_0000000000927130 .part L_0000000000926f50, 26, 1;
L_0000000000927b30 .part L_0000000000926f50, 27, 1;
L_00000000009294d0 .part L_0000000000926f50, 28, 1;
L_0000000000927590 .part L_0000000000926f50, 29, 1;
L_00000000009282b0 .part L_0000000000926f50, 30, 1;
L_0000000000927950 .part L_0000000000926f50, 31, 1;
L_0000000000926f50 .concat8 [ 1 31 0 0], L_0000000000923680, L_0000000000926ff0;
L_0000000000926ff0 .part L_00000000009160e0, 0, 31;
L_0000000000927770 .part L_00000000009160e0, 31, 1;
S_0000000000877550 .scope module, "mine[0]" "yAdder1" 3 7, 4 1 0, S_00000000008ae540;
 .timescale 0 0;
    .port_info 0 /OUTPUT 1 "z";
    .port_info 1 /OUTPUT 1 "cout";
    .port_info 2 /INPUT 1 "a";
    .port_info 3 /INPUT 1 "b";
    .port_info 4 /INPUT 1 "cin";
L_00000000008a0fc0 .functor XOR 1, L_0000000000915d20, L_000000000092abf0, C4<0>, C4<0>;
L_00000000008a0e00 .functor XOR 1, L_0000000000928990, L_00000000008a0fc0, C4<0>, C4<0>;
L_00000000008a0e70 .functor AND 1, L_0000000000915d20, L_000000000092abf0, C4<1>, C4<1>;
L_00000000008a1260 .functor AND 1, L_00000000008a0fc0, L_0000000000928990, C4<1>, C4<1>;
L_00000000008a0ee0 .functor OR 1, L_00000000008a1260, L_00000000008a0e70, C4<0>, C4<0>;
v00000000008abd10_0 .net "a", 0 0, L_0000000000915d20;  1 drivers
v00000000008acb70_0 .net "b", 0 0, L_000000000092abf0;  1 drivers
v00000000008ac0d0_0 .net "cin", 0 0, L_0000000000928990;  1 drivers
v00000000008ab1d0_0 .net "cout", 0 0, L_00000000008a0ee0;  1 drivers
v00000000008ac170_0 .net "outL", 0 0, L_00000000008a0e70;  1 drivers
v00000000008ab270_0 .net "outR", 0 0, L_00000000008a1260;  1 drivers
v00000000008ab310_0 .net "tmp", 0 0, L_00000000008a0fc0;  1 drivers
v00000000008aba90_0 .net "z", 0 0, L_00000000008a0e00;  1 drivers
S_00000000008776e0 .scope module, "mine[1]" "yAdder1" 3 7, 4 1 0, S_00000000008ae540;
 .timescale 0 0;
    .port_info 0 /OUTPUT 1 "z";
    .port_info 1 /OUTPUT 1 "cout";
    .port_info 2 /INPUT 1 "a";
    .port_info 3 /INPUT 1 "b";
    .port_info 4 /INPUT 1 "cin";
L_00000000008a10a0 .functor XOR 1, L_0000000000915820, L_000000000092aab0, C4<0>, C4<0>;
L_00000000008a1110 .functor XOR 1, L_00000000009271d0, L_00000000008a10a0, C4<0>, C4<0>;
L_00000000008a12d0 .functor AND 1, L_0000000000915820, L_000000000092aab0, C4<1>, C4<1>;
L_0000000000919120 .functor AND 1, L_00000000008a10a0, L_00000000009271d0, C4<1>, C4<1>;
L_0000000000918ef0 .functor OR 1, L_0000000000919120, L_00000000008a12d0, C4<0>, C4<0>;
v00000000008ab6d0_0 .net "a", 0 0, L_0000000000915820;  1 drivers
v00000000008ac350_0 .net "b", 0 0, L_000000000092aab0;  1 drivers
v00000000008accb0_0 .net "cin", 0 0, L_00000000009271d0;  1 drivers
v00000000008ac530_0 .net "cout", 0 0, L_0000000000918ef0;  1 drivers
v00000000008ac670_0 .net "outL", 0 0, L_00000000008a12d0;  1 drivers
v00000000008ab450_0 .net "outR", 0 0, L_0000000000919120;  1 drivers
v00000000008ac710_0 .net "tmp", 0 0, L_00000000008a10a0;  1 drivers
v00000000008acd50_0 .net "z", 0 0, L_00000000008a1110;  1 drivers
S_0000000000842ce0 .scope module, "mine[2]" "yAdder1" 3 7, 4 1 0, S_00000000008ae540;
 .timescale 0 0;
    .port_info 0 /OUTPUT 1 "z";
    .port_info 1 /OUTPUT 1 "cout";
    .port_info 2 /INPUT 1 "a";
    .port_info 3 /INPUT 1 "b";
    .port_info 4 /INPUT 1 "cin";
L_0000000000919040 .functor XOR 1, L_0000000000915f00, L_000000000092ac90, C4<0>, C4<0>;
L_00000000009190b0 .functor XOR 1, L_00000000009291b0, L_0000000000919040, C4<0>, C4<0>;
L_00000000009194a0 .functor AND 1, L_0000000000915f00, L_000000000092ac90, C4<1>, C4<1>;
L_0000000000918da0 .functor AND 1, L_0000000000919040, L_00000000009291b0, C4<1>, C4<1>;
L_00000000009193c0 .functor OR 1, L_0000000000918da0, L_00000000009194a0, C4<0>, C4<0>;
v00000000008abef0_0 .net "a", 0 0, L_0000000000915f00;  1 drivers
v00000000008acf30_0 .net "b", 0 0, L_000000000092ac90;  1 drivers
v00000000008ac7b0_0 .net "cin", 0 0, L_00000000009291b0;  1 drivers
v00000000008ab3b0_0 .net "cout", 0 0, L_00000000009193c0;  1 drivers
v00000000008ab4f0_0 .net "outL", 0 0, L_00000000009194a0;  1 drivers
v00000000008ac850_0 .net "outR", 0 0, L_0000000000918da0;  1 drivers
v00000000008ac990_0 .net "tmp", 0 0, L_0000000000919040;  1 drivers
v00000000008ab590_0 .net "z", 0 0, L_00000000009190b0;  1 drivers
S_0000000000842e70 .scope module, "mine[3]" "yAdder1" 3 7, 4 1 0, S_00000000008ae540;
 .timescale 0 0;
    .port_info 0 /OUTPUT 1 "z";
    .port_info 1 /OUTPUT 1 "cout";
    .port_info 2 /INPUT 1 "a";
    .port_info 3 /INPUT 1 "b";
    .port_info 4 /INPUT 1 "cin";
L_0000000000919430 .functor XOR 1, L_00000000009151e0, L_000000000092a790, C4<0>, C4<0>;
L_0000000000918be0 .functor XOR 1, L_0000000000928030, L_0000000000919430, C4<0>, C4<0>;
L_0000000000918e10 .functor AND 1, L_00000000009151e0, L_000000000092a790, C4<1>, C4<1>;
L_0000000000918a20 .functor AND 1, L_0000000000919430, L_0000000000928030, C4<1>, C4<1>;
L_0000000000918cc0 .functor OR 1, L_0000000000918a20, L_0000000000918e10, C4<0>, C4<0>;
v00000000008ab630_0 .net "a", 0 0, L_00000000009151e0;  1 drivers
v00000000008ab770_0 .net "b", 0 0, L_000000000092a790;  1 drivers
v00000000008abf90_0 .net "cin", 0 0, L_0000000000928030;  1 drivers
v00000000008ac030_0 .net "cout", 0 0, L_0000000000918cc0;  1 drivers
v00000000008ab810_0 .net "outL", 0 0, L_0000000000918e10;  1 drivers
v00000000008ab8b0_0 .net "outR", 0 0, L_0000000000918a20;  1 drivers
v00000000008abb30_0 .net "tmp", 0 0, L_0000000000919430;  1 drivers
v0000000000900fb0_0 .net "z", 0 0, L_0000000000918be0;  1 drivers
S_000000000090a440 .scope module, "mine[4]" "yAdder1" 3 7, 4 1 0, S_00000000008ae540;
 .timescale 0 0;
    .port_info 0 /OUTPUT 1 "z";
    .port_info 1 /OUTPUT 1 "cout";
    .port_info 2 /INPUT 1 "a";
    .port_info 3 /INPUT 1 "b";
    .port_info 4 /INPUT 1 "cin";
L_00000000009192e0 .functor XOR 1, L_0000000000915aa0, L_0000000000929750, C4<0>, C4<0>;
L_0000000000918fd0 .functor XOR 1, L_0000000000929070, L_00000000009192e0, C4<0>, C4<0>;
L_0000000000919200 .functor AND 1, L_0000000000915aa0, L_0000000000929750, C4<1>, C4<1>;
L_0000000000918b00 .functor AND 1, L_00000000009192e0, L_0000000000929070, C4<1>, C4<1>;
L_0000000000919190 .functor OR 1, L_0000000000918b00, L_0000000000919200, C4<0>, C4<0>;
v00000000009021d0_0 .net "a", 0 0, L_0000000000915aa0;  1 drivers
v00000000009019b0_0 .net "b", 0 0, L_0000000000929750;  1 drivers
v0000000000902270_0 .net "cin", 0 0, L_0000000000929070;  1 drivers
v0000000000901370_0 .net "cout", 0 0, L_0000000000919190;  1 drivers
v0000000000900f10_0 .net "outL", 0 0, L_0000000000919200;  1 drivers
v0000000000902310_0 .net "outR", 0 0, L_0000000000918b00;  1 drivers
v0000000000901c30_0 .net "tmp", 0 0, L_00000000009192e0;  1 drivers
v0000000000900970_0 .net "z", 0 0, L_0000000000918fd0;  1 drivers
S_000000000090a5d0 .scope module, "mine[5]" "yAdder1" 3 7, 4 1 0, S_00000000008ae540;
 .timescale 0 0;
    .port_info 0 /OUTPUT 1 "z";
    .port_info 1 /OUTPUT 1 "cout";
    .port_info 2 /INPUT 1 "a";
    .port_info 3 /INPUT 1 "b";
    .port_info 4 /INPUT 1 "cin";
L_0000000000918780 .functor XOR 1, L_0000000000915b40, L_000000000092a830, C4<0>, C4<0>;
L_0000000000918940 .functor XOR 1, L_00000000009285d0, L_0000000000918780, C4<0>, C4<0>;
L_0000000000918f60 .functor AND 1, L_0000000000915b40, L_000000000092a830, C4<1>, C4<1>;
L_0000000000918c50 .functor AND 1, L_0000000000918780, L_00000000009285d0, C4<1>, C4<1>;
L_00000000009187f0 .functor OR 1, L_0000000000918c50, L_0000000000918f60, C4<0>, C4<0>;
v0000000000900b50_0 .net "a", 0 0, L_0000000000915b40;  1 drivers
v0000000000902130_0 .net "b", 0 0, L_000000000092a830;  1 drivers
v0000000000902090_0 .net "cin", 0 0, L_00000000009285d0;  1 drivers
v0000000000901cd0_0 .net "cout", 0 0, L_00000000009187f0;  1 drivers
v0000000000901d70_0 .net "outL", 0 0, L_0000000000918f60;  1 drivers
v0000000000901730_0 .net "outR", 0 0, L_0000000000918c50;  1 drivers
v0000000000901af0_0 .net "tmp", 0 0, L_0000000000918780;  1 drivers
v0000000000901a50_0 .net "z", 0 0, L_0000000000918940;  1 drivers
S_000000000090a760 .scope module, "mine[6]" "yAdder1" 3 7, 4 1 0, S_00000000008ae540;
 .timescale 0 0;
    .port_info 0 /OUTPUT 1 "z";
    .port_info 1 /OUTPUT 1 "cout";
    .port_info 2 /INPUT 1 "a";
    .port_info 3 /INPUT 1 "b";
    .port_info 4 /INPUT 1 "cin";
L_0000000000918a90 .functor XOR 1, L_0000000000915fa0, L_000000000092a970, C4<0>, C4<0>;
L_0000000000918860 .functor XOR 1, L_0000000000928cb0, L_0000000000918a90, C4<0>, C4<0>;
L_0000000000918630 .functor AND 1, L_0000000000915fa0, L_000000000092a970, C4<1>, C4<1>;
L_0000000000919350 .functor AND 1, L_0000000000918a90, L_0000000000928cb0, C4<1>, C4<1>;
L_0000000000919270 .functor OR 1, L_0000000000919350, L_0000000000918630, C4<0>, C4<0>;
v0000000000901b90_0 .net "a", 0 0, L_0000000000915fa0;  1 drivers
v0000000000900510_0 .net "b", 0 0, L_000000000092a970;  1 drivers
v0000000000900470_0 .net "cin", 0 0, L_0000000000928cb0;  1 drivers
v0000000000901f50_0 .net "cout", 0 0, L_0000000000919270;  1 drivers
v00000000009015f0_0 .net "outL", 0 0, L_0000000000918630;  1 drivers
v0000000000901e10_0 .net "outR", 0 0, L_0000000000919350;  1 drivers
v0000000000901eb0_0 .net "tmp", 0 0, L_0000000000918a90;  1 drivers
v0000000000901ff0_0 .net "z", 0 0, L_0000000000918860;  1 drivers
S_000000000090a8f0 .scope module, "mine[7]" "yAdder1" 3 7, 4 1 0, S_00000000008ae540;
 .timescale 0 0;
    .port_info 0 /OUTPUT 1 "z";
    .port_info 1 /OUTPUT 1 "cout";
    .port_info 2 /INPUT 1 "a";
    .port_info 3 /INPUT 1 "b";
    .port_info 4 /INPUT 1 "cin";
L_0000000000918b70 .functor XOR 1, L_0000000000916180, L_0000000000929f70, C4<0>, C4<0>;
L_0000000000919510 .functor XOR 1, L_00000000009279f0, L_0000000000918b70, C4<0>, C4<0>;
L_00000000009186a0 .functor AND 1, L_0000000000916180, L_0000000000929f70, C4<1>, C4<1>;
L_0000000000918710 .functor AND 1, L_0000000000918b70, L_00000000009279f0, C4<1>, C4<1>;
L_00000000009188d0 .functor OR 1, L_0000000000918710, L_00000000009186a0, C4<0>, C4<0>;
v0000000000900ab0_0 .net "a", 0 0, L_0000000000916180;  1 drivers
v00000000009005b0_0 .net "b", 0 0, L_0000000000929f70;  1 drivers
v0000000000901230_0 .net "cin", 0 0, L_00000000009279f0;  1 drivers
v00000000009017d0_0 .net "cout", 0 0, L_00000000009188d0;  1 drivers
v0000000000901690_0 .net "outL", 0 0, L_00000000009186a0;  1 drivers
v0000000000900650_0 .net "outR", 0 0, L_0000000000918710;  1 drivers
v00000000009006f0_0 .net "tmp", 0 0, L_0000000000918b70;  1 drivers
v00000000009008d0_0 .net "z", 0 0, L_0000000000919510;  1 drivers
S_000000000090aa80 .scope module, "mine[8]" "yAdder1" 3 7, 4 1 0, S_00000000008ae540;
 .timescale 0 0;
    .port_info 0 /OUTPUT 1 "z";
    .port_info 1 /OUTPUT 1 "cout";
    .port_info 2 /INPUT 1 "a";
    .port_info 3 /INPUT 1 "b";
    .port_info 4 /INPUT 1 "cin";
L_0000000000918d30 .functor XOR 1, L_000000000092a470, L_00000000009296b0, C4<0>, C4<0>;
L_0000000000918e80 .functor XOR 1, L_0000000000928d50, L_0000000000918d30, C4<0>, C4<0>;
L_00000000009189b0 .functor AND 1, L_000000000092a470, L_00000000009296b0, C4<1>, C4<1>;
L_000000000091b000 .functor AND 1, L_0000000000918d30, L_0000000000928d50, C4<1>, C4<1>;
L_000000000091b460 .functor OR 1, L_000000000091b000, L_00000000009189b0, C4<0>, C4<0>;
v0000000000901870_0 .net "a", 0 0, L_000000000092a470;  1 drivers
v00000000009012d0_0 .net "b", 0 0, L_00000000009296b0;  1 drivers
v0000000000900790_0 .net "cin", 0 0, L_0000000000928d50;  1 drivers
v0000000000900830_0 .net "cout", 0 0, L_000000000091b460;  1 drivers
v0000000000900a10_0 .net "outL", 0 0, L_00000000009189b0;  1 drivers
v00000000009014b0_0 .net "outR", 0 0, L_000000000091b000;  1 drivers
v0000000000900c90_0 .net "tmp", 0 0, L_0000000000918d30;  1 drivers
v0000000000900dd0_0 .net "z", 0 0, L_0000000000918e80;  1 drivers
S_000000000090ac10 .scope module, "mine[9]" "yAdder1" 3 7, 4 1 0, S_00000000008ae540;
 .timescale 0 0;
    .port_info 0 /OUTPUT 1 "z";
    .port_info 1 /OUTPUT 1 "cout";
    .port_info 2 /INPUT 1 "a";
    .port_info 3 /INPUT 1 "b";
    .port_info 4 /INPUT 1 "cin";
L_000000000091ad60 .functor XOR 1, L_000000000092a3d0, L_000000000092aa10, C4<0>, C4<0>;
L_000000000091b690 .functor XOR 1, L_0000000000928ad0, L_000000000091ad60, C4<0>, C4<0>;
L_000000000091af90 .functor AND 1, L_000000000092a3d0, L_000000000092aa10, C4<1>, C4<1>;
L_000000000091b380 .functor AND 1, L_000000000091ad60, L_0000000000928ad0, C4<1>, C4<1>;
L_000000000091b8c0 .functor OR 1, L_000000000091b380, L_000000000091af90, C4<0>, C4<0>;
v0000000000900bf0_0 .net "a", 0 0, L_000000000092a3d0;  1 drivers
v0000000000900d30_0 .net "b", 0 0, L_000000000092aa10;  1 drivers
v0000000000900e70_0 .net "cin", 0 0, L_0000000000928ad0;  1 drivers
v0000000000901910_0 .net "cout", 0 0, L_000000000091b8c0;  1 drivers
v0000000000901050_0 .net "outL", 0 0, L_000000000091af90;  1 drivers
v00000000009010f0_0 .net "outR", 0 0, L_000000000091b380;  1 drivers
v0000000000901410_0 .net "tmp", 0 0, L_000000000091ad60;  1 drivers
v0000000000901190_0 .net "z", 0 0, L_000000000091b690;  1 drivers
S_000000000090ada0 .scope module, "mine[10]" "yAdder1" 3 7, 4 1 0, S_00000000008ae540;
 .timescale 0 0;
    .port_info 0 /OUTPUT 1 "z";
    .port_info 1 /OUTPUT 1 "cout";
    .port_info 2 /INPUT 1 "a";
    .port_info 3 /INPUT 1 "b";
    .port_info 4 /INPUT 1 "cin";
L_000000000091b700 .functor XOR 1, L_0000000000929a70, L_000000000092a010, C4<0>, C4<0>;
L_000000000091b310 .functor XOR 1, L_00000000009273b0, L_000000000091b700, C4<0>, C4<0>;
L_000000000091b4d0 .functor AND 1, L_0000000000929a70, L_000000000092a010, C4<1>, C4<1>;
L_000000000091b540 .functor AND 1, L_000000000091b700, L_00000000009273b0, C4<1>, C4<1>;
L_000000000091b230 .functor OR 1, L_000000000091b540, L_000000000091b4d0, C4<0>, C4<0>;
v0000000000901550_0 .net "a", 0 0, L_0000000000929a70;  1 drivers
v000000000090bca0_0 .net "b", 0 0, L_000000000092a010;  1 drivers
v000000000090b340_0 .net "cin", 0 0, L_00000000009273b0;  1 drivers
v000000000090bc00_0 .net "cout", 0 0, L_000000000091b230;  1 drivers
v000000000090cd80_0 .net "outL", 0 0, L_000000000091b4d0;  1 drivers
v000000000090c7e0_0 .net "outR", 0 0, L_000000000091b540;  1 drivers
v000000000090bac0_0 .net "tmp", 0 0, L_000000000091b700;  1 drivers
v000000000090bb60_0 .net "z", 0 0, L_000000000091b310;  1 drivers
S_000000000090cf40 .scope module, "mine[11]" "yAdder1" 3 7, 4 1 0, S_00000000008ae540;
 .timescale 0 0;
    .port_info 0 /OUTPUT 1 "z";
    .port_info 1 /OUTPUT 1 "cout";
    .port_info 2 /INPUT 1 "a";
    .port_info 3 /INPUT 1 "b";
    .port_info 4 /INPUT 1 "cin";
L_000000000091b070 .functor XOR 1, L_000000000092a1f0, L_000000000092a0b0, C4<0>, C4<0>;
L_000000000091b7e0 .functor XOR 1, L_0000000000929110, L_000000000091b070, C4<0>, C4<0>;
L_000000000091b850 .functor AND 1, L_000000000092a1f0, L_000000000092a0b0, C4<1>, C4<1>;
L_000000000091b0e0 .functor AND 1, L_000000000091b070, L_0000000000929110, C4<1>, C4<1>;
L_000000000091b2a0 .functor OR 1, L_000000000091b0e0, L_000000000091b850, C4<0>, C4<0>;
v000000000090c880_0 .net "a", 0 0, L_000000000092a1f0;  1 drivers
v000000000090bfc0_0 .net "b", 0 0, L_000000000092a0b0;  1 drivers
v000000000090c240_0 .net "cin", 0 0, L_0000000000929110;  1 drivers
v000000000090c100_0 .net "cout", 0 0, L_000000000091b2a0;  1 drivers
v000000000090b3e0_0 .net "outL", 0 0, L_000000000091b850;  1 drivers
v000000000090b980_0 .net "outR", 0 0, L_000000000091b0e0;  1 drivers
v000000000090b7a0_0 .net "tmp", 0 0, L_000000000091b070;  1 drivers
v000000000090b700_0 .net "z", 0 0, L_000000000091b7e0;  1 drivers
S_000000000090d0d0 .scope module, "mine[12]" "yAdder1" 3 7, 4 1 0, S_00000000008ae540;
 .timescale 0 0;
    .port_info 0 /OUTPUT 1 "z";
    .port_info 1 /OUTPUT 1 "cout";
    .port_info 2 /INPUT 1 "a";
    .port_info 3 /INPUT 1 "b";
    .port_info 4 /INPUT 1 "cin";
L_000000000091b770 .functor XOR 1, L_000000000092a330, L_000000000092a150, C4<0>, C4<0>;
L_000000000091b150 .functor XOR 1, L_0000000000929430, L_000000000091b770, C4<0>, C4<0>;
L_000000000091b930 .functor AND 1, L_000000000092a330, L_000000000092a150, C4<1>, C4<1>;
L_000000000091b3f0 .functor AND 1, L_000000000091b770, L_0000000000929430, C4<1>, C4<1>;
L_000000000091b5b0 .functor OR 1, L_000000000091b3f0, L_000000000091b930, C4<0>, C4<0>;
v000000000090c920_0 .net "a", 0 0, L_000000000092a330;  1 drivers
v000000000090c380_0 .net "b", 0 0, L_000000000092a150;  1 drivers
v000000000090bde0_0 .net "cin", 0 0, L_0000000000929430;  1 drivers
v000000000090c9c0_0 .net "cout", 0 0, L_000000000091b5b0;  1 drivers
v000000000090cce0_0 .net "outL", 0 0, L_000000000091b930;  1 drivers
v000000000090be80_0 .net "outR", 0 0, L_000000000091b3f0;  1 drivers
v000000000090ba20_0 .net "tmp", 0 0, L_000000000091b770;  1 drivers
v000000000090af80_0 .net "z", 0 0, L_000000000091b150;  1 drivers
S_000000000090d260 .scope module, "mine[13]" "yAdder1" 3 7, 4 1 0, S_00000000008ae540;
 .timescale 0 0;
    .port_info 0 /OUTPUT 1 "z";
    .port_info 1 /OUTPUT 1 "cout";
    .port_info 2 /INPUT 1 "a";
    .port_info 3 /INPUT 1 "b";
    .port_info 4 /INPUT 1 "cin";
L_000000000091b1c0 .functor XOR 1, L_000000000092a8d0, L_0000000000928c10, C4<0>, C4<0>;
L_000000000091add0 .functor XOR 1, L_0000000000928170, L_000000000091b1c0, C4<0>, C4<0>;
L_000000000091ab30 .functor AND 1, L_000000000092a8d0, L_0000000000928c10, C4<1>, C4<1>;
L_000000000091aba0 .functor AND 1, L_000000000091b1c0, L_0000000000928170, C4<1>, C4<1>;
L_000000000091aa50 .functor OR 1, L_000000000091aba0, L_000000000091ab30, C4<0>, C4<0>;
v000000000090c4c0_0 .net "a", 0 0, L_000000000092a8d0;  1 drivers
v000000000090ce20_0 .net "b", 0 0, L_0000000000928c10;  1 drivers
v000000000090b480_0 .net "cin", 0 0, L_0000000000928170;  1 drivers
v000000000090c740_0 .net "cout", 0 0, L_000000000091aa50;  1 drivers
v000000000090b2a0_0 .net "outL", 0 0, L_000000000091ab30;  1 drivers
v000000000090c2e0_0 .net "outR", 0 0, L_000000000091aba0;  1 drivers
v000000000090cba0_0 .net "tmp", 0 0, L_000000000091b1c0;  1 drivers
v000000000090bd40_0 .net "z", 0 0, L_000000000091add0;  1 drivers
S_000000000090d3f0 .scope module, "mine[14]" "yAdder1" 3 7, 4 1 0, S_00000000008ae540;
 .timescale 0 0;
    .port_info 0 /OUTPUT 1 "z";
    .port_info 1 /OUTPUT 1 "cout";
    .port_info 2 /INPUT 1 "a";
    .port_info 3 /INPUT 1 "b";
    .port_info 4 /INPUT 1 "cin";
L_000000000091aac0 .functor XOR 1, L_0000000000929610, L_00000000009287b0, C4<0>, C4<0>;
L_000000000091ac10 .functor XOR 1, L_0000000000926e10, L_000000000091aac0, C4<0>, C4<0>;
L_000000000091ac80 .functor AND 1, L_0000000000929610, L_00000000009287b0, C4<1>, C4<1>;
L_000000000091b620 .functor AND 1, L_000000000091aac0, L_0000000000926e10, C4<1>, C4<1>;
L_000000000091acf0 .functor OR 1, L_000000000091b620, L_000000000091ac80, C4<0>, C4<0>;
v000000000090c420_0 .net "a", 0 0, L_0000000000929610;  1 drivers
v000000000090ca60_0 .net "b", 0 0, L_00000000009287b0;  1 drivers
v000000000090cb00_0 .net "cin", 0 0, L_0000000000926e10;  1 drivers
v000000000090b160_0 .net "cout", 0 0, L_000000000091acf0;  1 drivers
v000000000090b020_0 .net "outL", 0 0, L_000000000091ac80;  1 drivers
v000000000090cc40_0 .net "outR", 0 0, L_000000000091b620;  1 drivers
v000000000090c1a0_0 .net "tmp", 0 0, L_000000000091aac0;  1 drivers
v000000000090b520_0 .net "z", 0 0, L_000000000091ac10;  1 drivers
S_000000000090e250 .scope module, "mine[15]" "yAdder1" 3 7, 4 1 0, S_00000000008ae540;
 .timescale 0 0;
    .port_info 0 /OUTPUT 1 "z";
    .port_info 1 /OUTPUT 1 "cout";
    .port_info 2 /INPUT 1 "a";
    .port_info 3 /INPUT 1 "b";
    .port_info 4 /INPUT 1 "cin";
L_000000000091ae40 .functor XOR 1, L_00000000009297f0, L_00000000009288f0, C4<0>, C4<0>;
L_000000000091aeb0 .functor XOR 1, L_0000000000928210, L_000000000091ae40, C4<0>, C4<0>;
L_000000000091af20 .functor AND 1, L_00000000009297f0, L_00000000009288f0, C4<1>, C4<1>;
L_000000000091cd80 .functor AND 1, L_000000000091ae40, L_0000000000928210, C4<1>, C4<1>;
L_000000000091cbc0 .functor OR 1, L_000000000091cd80, L_000000000091af20, C4<0>, C4<0>;
v000000000090b200_0 .net "a", 0 0, L_00000000009297f0;  1 drivers
v000000000090b5c0_0 .net "b", 0 0, L_00000000009288f0;  1 drivers
v000000000090c560_0 .net "cin", 0 0, L_0000000000928210;  1 drivers
v000000000090bf20_0 .net "cout", 0 0, L_000000000091cbc0;  1 drivers
v000000000090c600_0 .net "outL", 0 0, L_000000000091af20;  1 drivers
v000000000090c6a0_0 .net "outR", 0 0, L_000000000091cd80;  1 drivers
v000000000090c060_0 .net "tmp", 0 0, L_000000000091ae40;  1 drivers
v000000000090b660_0 .net "z", 0 0, L_000000000091aeb0;  1 drivers
S_000000000090e3e0 .scope module, "mine[16]" "yAdder1" 3 7, 4 1 0, S_00000000008ae540;
 .timescale 0 0;
    .port_info 0 /OUTPUT 1 "z";
    .port_info 1 /OUTPUT 1 "cout";
    .port_info 2 /INPUT 1 "a";
    .port_info 3 /INPUT 1 "b";
    .port_info 4 /INPUT 1 "cin";
L_000000000091d090 .functor XOR 1, L_000000000092a510, L_00000000009278b0, C4<0>, C4<0>;
L_000000000091d100 .functor XOR 1, L_0000000000929390, L_000000000091d090, C4<0>, C4<0>;
L_000000000091d410 .functor AND 1, L_000000000092a510, L_00000000009278b0, C4<1>, C4<1>;
L_000000000091d640 .functor AND 1, L_000000000091d090, L_0000000000929390, C4<1>, C4<1>;
L_000000000091d250 .functor OR 1, L_000000000091d640, L_000000000091d410, C4<0>, C4<0>;
v000000000090b840_0 .net "a", 0 0, L_000000000092a510;  1 drivers
v000000000090b0c0_0 .net "b", 0 0, L_00000000009278b0;  1 drivers
v000000000090b8e0_0 .net "cin", 0 0, L_0000000000929390;  1 drivers
v0000000000910a90_0 .net "cout", 0 0, L_000000000091d250;  1 drivers
v0000000000910310_0 .net "outL", 0 0, L_000000000091d410;  1 drivers
v000000000090ff50_0 .net "outR", 0 0, L_000000000091d640;  1 drivers
v000000000090f690_0 .net "tmp", 0 0, L_000000000091d090;  1 drivers
v000000000090f7d0_0 .net "z", 0 0, L_000000000091d100;  1 drivers
S_000000000090df30 .scope module, "mine[17]" "yAdder1" 3 7, 4 1 0, S_00000000008ae540;
 .timescale 0 0;
    .port_info 0 /OUTPUT 1 "z";
    .port_info 1 /OUTPUT 1 "cout";
    .port_info 2 /INPUT 1 "a";
    .port_info 3 /INPUT 1 "b";
    .port_info 4 /INPUT 1 "cin";
L_000000000091d790 .functor XOR 1, L_000000000092ab50, L_0000000000927270, C4<0>, C4<0>;
L_000000000091cd10 .functor XOR 1, L_0000000000927450, L_000000000091d790, C4<0>, C4<0>;
L_000000000091cf40 .functor AND 1, L_000000000092ab50, L_0000000000927270, C4<1>, C4<1>;
L_000000000091d800 .functor AND 1, L_000000000091d790, L_0000000000927450, C4<1>, C4<1>;
L_000000000091cdf0 .functor OR 1, L_000000000091d800, L_000000000091cf40, C4<0>, C4<0>;
v0000000000910090_0 .net "a", 0 0, L_000000000092ab50;  1 drivers
v0000000000911170_0 .net "b", 0 0, L_0000000000927270;  1 drivers
v00000000009108b0_0 .net "cin", 0 0, L_0000000000927450;  1 drivers
v0000000000910630_0 .net "cout", 0 0, L_000000000091cdf0;  1 drivers
v0000000000911350_0 .net "outL", 0 0, L_000000000091cf40;  1 drivers
v000000000090f5f0_0 .net "outR", 0 0, L_000000000091d800;  1 drivers
v00000000009109f0_0 .net "tmp", 0 0, L_000000000091d790;  1 drivers
v000000000090fb90_0 .net "z", 0 0, L_000000000091cd10;  1 drivers
S_000000000090dc10 .scope module, "mine[18]" "yAdder1" 3 7, 4 1 0, S_00000000008ae540;
 .timescale 0 0;
    .port_info 0 /OUTPUT 1 "z";
    .port_info 1 /OUTPUT 1 "cout";
    .port_info 2 /INPUT 1 "a";
    .port_info 3 /INPUT 1 "b";
    .port_info 4 /INPUT 1 "cin";
L_000000000091d170 .functor XOR 1, L_0000000000929890, L_0000000000926eb0, C4<0>, C4<0>;
L_000000000091cfb0 .functor XOR 1, L_0000000000928b70, L_000000000091d170, C4<0>, C4<0>;
L_000000000091d020 .functor AND 1, L_0000000000929890, L_0000000000926eb0, C4<1>, C4<1>;
L_000000000091d8e0 .functor AND 1, L_000000000091d170, L_0000000000928b70, C4<1>, C4<1>;
L_000000000091d2c0 .functor OR 1, L_000000000091d8e0, L_000000000091d020, C4<0>, C4<0>;
v0000000000910950_0 .net "a", 0 0, L_0000000000929890;  1 drivers
v0000000000911210_0 .net "b", 0 0, L_0000000000926eb0;  1 drivers
v00000000009112b0_0 .net "cin", 0 0, L_0000000000928b70;  1 drivers
v0000000000910770_0 .net "cout", 0 0, L_000000000091d2c0;  1 drivers
v000000000090f870_0 .net "outL", 0 0, L_000000000091d020;  1 drivers
v0000000000910b30_0 .net "outR", 0 0, L_000000000091d8e0;  1 drivers
v00000000009106d0_0 .net "tmp", 0 0, L_000000000091d170;  1 drivers
v0000000000910590_0 .net "z", 0 0, L_000000000091cfb0;  1 drivers
S_000000000090d8f0 .scope module, "mine[19]" "yAdder1" 3 7, 4 1 0, S_00000000008ae540;
 .timescale 0 0;
    .port_info 0 /OUTPUT 1 "z";
    .port_info 1 /OUTPUT 1 "cout";
    .port_info 2 /INPUT 1 "a";
    .port_info 3 /INPUT 1 "b";
    .port_info 4 /INPUT 1 "cin";
L_000000000091d480 .functor XOR 1, L_0000000000929ed0, L_0000000000929570, C4<0>, C4<0>;
L_000000000091cc30 .functor XOR 1, L_0000000000928df0, L_000000000091d480, C4<0>, C4<0>;
L_000000000091ce60 .functor AND 1, L_0000000000929ed0, L_0000000000929570, C4<1>, C4<1>;
L_000000000091d720 .functor AND 1, L_000000000091d480, L_0000000000928df0, C4<1>, C4<1>;
L_000000000091ced0 .functor OR 1, L_000000000091d720, L_000000000091ce60, C4<0>, C4<0>;
v00000000009113f0_0 .net "a", 0 0, L_0000000000929ed0;  1 drivers
v0000000000910270_0 .net "b", 0 0, L_0000000000929570;  1 drivers
v000000000090fc30_0 .net "cin", 0 0, L_0000000000928df0;  1 drivers
v000000000090fcd0_0 .net "cout", 0 0, L_000000000091ced0;  1 drivers
v0000000000911490_0 .net "outL", 0 0, L_000000000091ce60;  1 drivers
v000000000090fff0_0 .net "outR", 0 0, L_000000000091d720;  1 drivers
v000000000090feb0_0 .net "tmp", 0 0, L_000000000091d480;  1 drivers
v000000000090f730_0 .net "z", 0 0, L_000000000091cc30;  1 drivers
S_000000000090da80 .scope module, "mine[20]" "yAdder1" 3 7, 4 1 0, S_00000000008ae540;
 .timescale 0 0;
    .port_info 0 /OUTPUT 1 "z";
    .port_info 1 /OUTPUT 1 "cout";
    .port_info 2 /INPUT 1 "a";
    .port_info 3 /INPUT 1 "b";
    .port_info 4 /INPUT 1 "cin";
L_000000000091d3a0 .functor XOR 1, L_000000000092a290, L_0000000000927090, C4<0>, C4<0>;
L_000000000091d950 .functor XOR 1, L_0000000000928fd0, L_000000000091d3a0, C4<0>, C4<0>;
L_000000000091d1e0 .functor AND 1, L_000000000092a290, L_0000000000927090, C4<1>, C4<1>;
L_000000000091d870 .functor AND 1, L_000000000091d3a0, L_0000000000928fd0, C4<1>, C4<1>;
L_000000000091d330 .functor OR 1, L_000000000091d870, L_000000000091d1e0, C4<0>, C4<0>;
v0000000000910d10_0 .net "a", 0 0, L_000000000092a290;  1 drivers
v0000000000910810_0 .net "b", 0 0, L_0000000000927090;  1 drivers
v000000000090f910_0 .net "cin", 0 0, L_0000000000928fd0;  1 drivers
v0000000000910bd0_0 .net "cout", 0 0, L_000000000091d330;  1 drivers
v0000000000910c70_0 .net "outL", 0 0, L_000000000091d1e0;  1 drivers
v0000000000910ef0_0 .net "outR", 0 0, L_000000000091d870;  1 drivers
v000000000090f9b0_0 .net "tmp", 0 0, L_000000000091d3a0;  1 drivers
v000000000090fa50_0 .net "z", 0 0, L_000000000091d950;  1 drivers
S_000000000090e0c0 .scope module, "mine[21]" "yAdder1" 3 7, 4 1 0, S_00000000008ae540;
 .timescale 0 0;
    .port_info 0 /OUTPUT 1 "z";
    .port_info 1 /OUTPUT 1 "cout";
    .port_info 2 /INPUT 1 "a";
    .port_info 3 /INPUT 1 "b";
    .port_info 4 /INPUT 1 "cin";
L_000000000091cca0 .functor XOR 1, L_0000000000929930, L_0000000000927630, C4<0>, C4<0>;
L_000000000091ca70 .functor XOR 1, L_00000000009276d0, L_000000000091cca0, C4<0>, C4<0>;
L_000000000091d4f0 .functor AND 1, L_0000000000929930, L_0000000000927630, C4<1>, C4<1>;
L_000000000091d560 .functor AND 1, L_000000000091cca0, L_00000000009276d0, C4<1>, C4<1>;
L_000000000091cae0 .functor OR 1, L_000000000091d560, L_000000000091d4f0, C4<0>, C4<0>;
v0000000000910db0_0 .net "a", 0 0, L_0000000000929930;  1 drivers
v0000000000910450_0 .net "b", 0 0, L_0000000000927630;  1 drivers
v0000000000910f90_0 .net "cin", 0 0, L_00000000009276d0;  1 drivers
v000000000090faf0_0 .net "cout", 0 0, L_000000000091cae0;  1 drivers
v0000000000910130_0 .net "outL", 0 0, L_000000000091d4f0;  1 drivers
v000000000090fd70_0 .net "outR", 0 0, L_000000000091d560;  1 drivers
v00000000009101d0_0 .net "tmp", 0 0, L_000000000091cca0;  1 drivers
v00000000009103b0_0 .net "z", 0 0, L_000000000091ca70;  1 drivers
S_000000000090d5d0 .scope module, "mine[22]" "yAdder1" 3 7, 4 1 0, S_00000000008ae540;
 .timescale 0 0;
    .port_info 0 /OUTPUT 1 "z";
    .port_info 1 /OUTPUT 1 "cout";
    .port_info 2 /INPUT 1 "a";
    .port_info 3 /INPUT 1 "b";
    .port_info 4 /INPUT 1 "cin";
L_000000000091d5d0 .functor XOR 1, L_00000000009299d0, L_0000000000928350, C4<0>, C4<0>;
L_000000000091d6b0 .functor XOR 1, L_0000000000927810, L_000000000091d5d0, C4<0>, C4<0>;
L_000000000091cb50 .functor AND 1, L_00000000009299d0, L_0000000000928350, C4<1>, C4<1>;
L_000000000091fb00 .functor AND 1, L_000000000091d5d0, L_0000000000927810, C4<1>, C4<1>;
L_0000000000920200 .functor OR 1, L_000000000091fb00, L_000000000091cb50, C4<0>, C4<0>;
v00000000009104f0_0 .net "a", 0 0, L_00000000009299d0;  1 drivers
v000000000090fe10_0 .net "b", 0 0, L_0000000000928350;  1 drivers
v0000000000910e50_0 .net "cin", 0 0, L_0000000000927810;  1 drivers
v0000000000911030_0 .net "cout", 0 0, L_0000000000920200;  1 drivers
v00000000009110d0_0 .net "outL", 0 0, L_000000000091cb50;  1 drivers
v00000000009128a0_0 .net "outR", 0 0, L_000000000091fb00;  1 drivers
v00000000009132a0_0 .net "tmp", 0 0, L_000000000091d5d0;  1 drivers
v0000000000912a80_0 .net "z", 0 0, L_000000000091d6b0;  1 drivers
S_000000000090d760 .scope module, "mine[23]" "yAdder1" 3 7, 4 1 0, S_00000000008ae540;
 .timescale 0 0;
    .port_info 0 /OUTPUT 1 "z";
    .port_info 1 /OUTPUT 1 "cout";
    .port_info 2 /INPUT 1 "a";
    .port_info 3 /INPUT 1 "b";
    .port_info 4 /INPUT 1 "cin";
L_000000000091fe80 .functor XOR 1, L_0000000000929d90, L_00000000009283f0, C4<0>, C4<0>;
L_0000000000920190 .functor XOR 1, L_00000000009274f0, L_000000000091fe80, C4<0>, C4<0>;
L_000000000091ff60 .functor AND 1, L_0000000000929d90, L_00000000009283f0, C4<1>, C4<1>;
L_00000000009203c0 .functor AND 1, L_000000000091fe80, L_00000000009274f0, C4<1>, C4<1>;
L_0000000000920660 .functor OR 1, L_00000000009203c0, L_000000000091ff60, C4<0>, C4<0>;
v0000000000913480_0 .net "a", 0 0, L_0000000000929d90;  1 drivers
v00000000009149c0_0 .net "b", 0 0, L_00000000009283f0;  1 drivers
v0000000000914060_0 .net "cin", 0 0, L_00000000009274f0;  1 drivers
v0000000000912f80_0 .net "cout", 0 0, L_0000000000920660;  1 drivers
v0000000000913200_0 .net "outL", 0 0, L_000000000091ff60;  1 drivers
v0000000000914d80_0 .net "outR", 0 0, L_00000000009203c0;  1 drivers
v0000000000912e40_0 .net "tmp", 0 0, L_000000000091fe80;  1 drivers
v0000000000913c00_0 .net "z", 0 0, L_0000000000920190;  1 drivers
S_000000000090dda0 .scope module, "mine[24]" "yAdder1" 3 7, 4 1 0, S_00000000008ae540;
 .timescale 0 0;
    .port_info 0 /OUTPUT 1 "z";
    .port_info 1 /OUTPUT 1 "cout";
    .port_info 2 /INPUT 1 "a";
    .port_info 3 /INPUT 1 "b";
    .port_info 4 /INPUT 1 "cin";
L_000000000091ffd0 .functor XOR 1, L_0000000000929b10, L_0000000000928a30, C4<0>, C4<0>;
L_00000000009206d0 .functor XOR 1, L_0000000000929250, L_000000000091ffd0, C4<0>, C4<0>;
L_00000000009202e0 .functor AND 1, L_0000000000929b10, L_0000000000928a30, C4<1>, C4<1>;
L_0000000000920900 .functor AND 1, L_000000000091ffd0, L_0000000000929250, C4<1>, C4<1>;
L_000000000091fda0 .functor OR 1, L_0000000000920900, L_00000000009202e0, C4<0>, C4<0>;
v0000000000914a60_0 .net "a", 0 0, L_0000000000929b10;  1 drivers
v0000000000913de0_0 .net "b", 0 0, L_0000000000928a30;  1 drivers
v0000000000913b60_0 .net "cin", 0 0, L_0000000000929250;  1 drivers
v0000000000913e80_0 .net "cout", 0 0, L_000000000091fda0;  1 drivers
v0000000000912620_0 .net "outL", 0 0, L_00000000009202e0;  1 drivers
v00000000009137a0_0 .net "outR", 0 0, L_0000000000920900;  1 drivers
v0000000000914560_0 .net "tmp", 0 0, L_000000000091ffd0;  1 drivers
v0000000000913340_0 .net "z", 0 0, L_00000000009206d0;  1 drivers
S_0000000000916ad0 .scope module, "mine[25]" "yAdder1" 3 7, 4 1 0, S_00000000008ae540;
 .timescale 0 0;
    .port_info 0 /OUTPUT 1 "z";
    .port_info 1 /OUTPUT 1 "cout";
    .port_info 2 /INPUT 1 "a";
    .port_info 3 /INPUT 1 "b";
    .port_info 4 /INPUT 1 "cin";
L_0000000000920430 .functor XOR 1, L_0000000000929bb0, L_00000000009280d0, C4<0>, C4<0>;
L_000000000091fd30 .functor XOR 1, L_00000000009292f0, L_0000000000920430, C4<0>, C4<0>;
L_0000000000920740 .functor AND 1, L_0000000000929bb0, L_00000000009280d0, C4<1>, C4<1>;
L_0000000000920890 .functor AND 1, L_0000000000920430, L_00000000009292f0, C4<1>, C4<1>;
L_000000000091fcc0 .functor OR 1, L_0000000000920890, L_0000000000920740, C4<0>, C4<0>;
v00000000009141a0_0 .net "a", 0 0, L_0000000000929bb0;  1 drivers
v00000000009146a0_0 .net "b", 0 0, L_00000000009280d0;  1 drivers
v0000000000914c40_0 .net "cin", 0 0, L_00000000009292f0;  1 drivers
v0000000000914600_0 .net "cout", 0 0, L_000000000091fcc0;  1 drivers
v0000000000913520_0 .net "outL", 0 0, L_0000000000920740;  1 drivers
v00000000009138e0_0 .net "outR", 0 0, L_0000000000920890;  1 drivers
v00000000009144c0_0 .net "tmp", 0 0, L_0000000000920430;  1 drivers
v0000000000914740_0 .net "z", 0 0, L_000000000091fd30;  1 drivers
S_0000000000918240 .scope module, "mine[26]" "yAdder1" 3 7, 4 1 0, S_00000000008ae540;
 .timescale 0 0;
    .port_info 0 /OUTPUT 1 "z";
    .port_info 1 /OUTPUT 1 "cout";
    .port_info 2 /INPUT 1 "a";
    .port_info 3 /INPUT 1 "b";
    .port_info 4 /INPUT 1 "cin";
L_0000000000920580 .functor XOR 1, L_0000000000929c50, L_0000000000927bd0, C4<0>, C4<0>;
L_000000000091fb70 .functor XOR 1, L_0000000000927130, L_0000000000920580, C4<0>, C4<0>;
L_000000000091fe10 .functor AND 1, L_0000000000929c50, L_0000000000927bd0, C4<1>, C4<1>;
L_0000000000920510 .functor AND 1, L_0000000000920580, L_0000000000927130, C4<1>, C4<1>;
L_0000000000920970 .functor OR 1, L_0000000000920510, L_000000000091fe10, C4<0>, C4<0>;
v0000000000913f20_0 .net "a", 0 0, L_0000000000929c50;  1 drivers
v0000000000913ca0_0 .net "b", 0 0, L_0000000000927bd0;  1 drivers
v00000000009135c0_0 .net "cin", 0 0, L_0000000000927130;  1 drivers
v00000000009147e0_0 .net "cout", 0 0, L_0000000000920970;  1 drivers
v0000000000914240_0 .net "outL", 0 0, L_000000000091fe10;  1 drivers
v0000000000914b00_0 .net "outR", 0 0, L_0000000000920510;  1 drivers
v0000000000913980_0 .net "tmp", 0 0, L_0000000000920580;  1 drivers
v0000000000912b20_0 .net "z", 0 0, L_000000000091fb70;  1 drivers
S_00000000009183d0 .scope module, "mine[27]" "yAdder1" 3 7, 4 1 0, S_00000000008ae540;
 .timescale 0 0;
    .port_info 0 /OUTPUT 1 "z";
    .port_info 1 /OUTPUT 1 "cout";
    .port_info 2 /INPUT 1 "a";
    .port_info 3 /INPUT 1 "b";
    .port_info 4 /INPUT 1 "cin";
L_000000000091fbe0 .functor XOR 1, L_0000000000929e30, L_0000000000928f30, C4<0>, C4<0>;
L_00000000009204a0 .functor XOR 1, L_0000000000927b30, L_000000000091fbe0, C4<0>, C4<0>;
L_000000000091fa90 .functor AND 1, L_0000000000929e30, L_0000000000928f30, C4<1>, C4<1>;
L_00000000009205f0 .functor AND 1, L_000000000091fbe0, L_0000000000927b30, C4<1>, C4<1>;
L_000000000091fef0 .functor OR 1, L_00000000009205f0, L_000000000091fa90, C4<0>, C4<0>;
v00000000009133e0_0 .net "a", 0 0, L_0000000000929e30;  1 drivers
v0000000000913a20_0 .net "b", 0 0, L_0000000000928f30;  1 drivers
v0000000000913660_0 .net "cin", 0 0, L_0000000000927b30;  1 drivers
v0000000000913700_0 .net "cout", 0 0, L_000000000091fef0;  1 drivers
v00000000009126c0_0 .net "outL", 0 0, L_000000000091fa90;  1 drivers
v0000000000914880_0 .net "outR", 0 0, L_00000000009205f0;  1 drivers
v0000000000912c60_0 .net "tmp", 0 0, L_000000000091fbe0;  1 drivers
v0000000000914920_0 .net "z", 0 0, L_00000000009204a0;  1 drivers
S_0000000000916620 .scope module, "mine[28]" "yAdder1" 3 7, 4 1 0, S_00000000008ae540;
 .timescale 0 0;
    .port_info 0 /OUTPUT 1 "z";
    .port_info 1 /OUTPUT 1 "cout";
    .port_info 2 /INPUT 1 "a";
    .port_info 3 /INPUT 1 "b";
    .port_info 4 /INPUT 1 "cin";
L_00000000009207b0 .functor XOR 1, L_000000000092a6f0, L_0000000000928850, C4<0>, C4<0>;
L_000000000091fc50 .functor XOR 1, L_00000000009294d0, L_00000000009207b0, C4<0>, C4<0>;
L_0000000000920040 .functor AND 1, L_000000000092a6f0, L_0000000000928850, C4<1>, C4<1>;
L_0000000000920270 .functor AND 1, L_00000000009207b0, L_00000000009294d0, C4<1>, C4<1>;
L_00000000009200b0 .functor OR 1, L_0000000000920270, L_0000000000920040, C4<0>, C4<0>;
v0000000000912ee0_0 .net "a", 0 0, L_000000000092a6f0;  1 drivers
v00000000009129e0_0 .net "b", 0 0, L_0000000000928850;  1 drivers
v0000000000913fc0_0 .net "cin", 0 0, L_00000000009294d0;  1 drivers
v0000000000912800_0 .net "cout", 0 0, L_00000000009200b0;  1 drivers
v0000000000913ac0_0 .net "outL", 0 0, L_0000000000920040;  1 drivers
v0000000000912940_0 .net "outR", 0 0, L_0000000000920270;  1 drivers
v0000000000914ba0_0 .net "tmp", 0 0, L_00000000009207b0;  1 drivers
v0000000000914ce0_0 .net "z", 0 0, L_000000000091fc50;  1 drivers
S_0000000000917d90 .scope module, "mine[29]" "yAdder1" 3 7, 4 1 0, S_00000000008ae540;
 .timescale 0 0;
    .port_info 0 /OUTPUT 1 "z";
    .port_info 1 /OUTPUT 1 "cout";
    .port_info 2 /INPUT 1 "a";
    .port_info 3 /INPUT 1 "b";
    .port_info 4 /INPUT 1 "cin";
L_0000000000920120 .functor XOR 1, L_0000000000929cf0, L_0000000000927db0, C4<0>, C4<0>;
L_0000000000920820 .functor XOR 1, L_0000000000927590, L_0000000000920120, C4<0>, C4<0>;
L_0000000000920350 .functor AND 1, L_0000000000929cf0, L_0000000000927db0, C4<1>, C4<1>;
L_0000000000923840 .functor AND 1, L_0000000000920120, L_0000000000927590, C4<1>, C4<1>;
L_0000000000923ca0 .functor OR 1, L_0000000000923840, L_0000000000920350, C4<0>, C4<0>;
v0000000000913840_0 .net "a", 0 0, L_0000000000929cf0;  1 drivers
v0000000000912bc0_0 .net "b", 0 0, L_0000000000927db0;  1 drivers
v0000000000914380_0 .net "cin", 0 0, L_0000000000927590;  1 drivers
v0000000000912760_0 .net "cout", 0 0, L_0000000000923ca0;  1 drivers
v0000000000912d00_0 .net "outL", 0 0, L_0000000000920350;  1 drivers
v0000000000912da0_0 .net "outR", 0 0, L_0000000000923840;  1 drivers
v0000000000913020_0 .net "tmp", 0 0, L_0000000000920120;  1 drivers
v0000000000913d40_0 .net "z", 0 0, L_0000000000920820;  1 drivers
S_0000000000916f80 .scope module, "mine[30]" "yAdder1" 3 7, 4 1 0, S_00000000008ae540;
 .timescale 0 0;
    .port_info 0 /OUTPUT 1 "z";
    .port_info 1 /OUTPUT 1 "cout";
    .port_info 2 /INPUT 1 "a";
    .port_info 3 /INPUT 1 "b";
    .port_info 4 /INPUT 1 "cin";
L_00000000009242c0 .functor XOR 1, L_000000000092a650, L_0000000000928e90, C4<0>, C4<0>;
L_0000000000923920 .functor XOR 1, L_00000000009282b0, L_00000000009242c0, C4<0>, C4<0>;
L_0000000000924330 .functor AND 1, L_000000000092a650, L_0000000000928e90, C4<1>, C4<1>;
L_0000000000923ed0 .functor AND 1, L_00000000009242c0, L_00000000009282b0, C4<1>, C4<1>;
L_00000000009235a0 .functor OR 1, L_0000000000923ed0, L_0000000000924330, C4<0>, C4<0>;
v0000000000914100_0 .net "a", 0 0, L_000000000092a650;  1 drivers
v00000000009130c0_0 .net "b", 0 0, L_0000000000928e90;  1 drivers
v0000000000913160_0 .net "cin", 0 0, L_00000000009282b0;  1 drivers
v00000000009142e0_0 .net "cout", 0 0, L_00000000009235a0;  1 drivers
v0000000000914420_0 .net "outL", 0 0, L_0000000000924330;  1 drivers
v00000000009150a0_0 .net "outR", 0 0, L_0000000000923ed0;  1 drivers
v0000000000915320_0 .net "tmp", 0 0, L_00000000009242c0;  1 drivers
v0000000000915c80_0 .net "z", 0 0, L_0000000000923920;  1 drivers
S_00000000009167b0 .scope module, "mine[31]" "yAdder1" 3 7, 4 1 0, S_00000000008ae540;
 .timescale 0 0;
    .port_info 0 /OUTPUT 1 "z";
    .port_info 1 /OUTPUT 1 "cout";
    .port_info 2 /INPUT 1 "a";
    .port_info 3 /INPUT 1 "b";
    .port_info 4 /INPUT 1 "cin";
L_0000000000923e60 .functor XOR 1, L_000000000092a5b0, L_0000000000927310, C4<0>, C4<0>;
L_0000000000922c70 .functor XOR 1, L_0000000000927950, L_0000000000923e60, C4<0>, C4<0>;
L_0000000000924090 .functor AND 1, L_000000000092a5b0, L_0000000000927310, C4<1>, C4<1>;
L_00000000009244f0 .functor AND 1, L_0000000000923e60, L_0000000000927950, C4<1>, C4<1>;
L_00000000009238b0 .functor OR 1, L_00000000009244f0, L_0000000000924090, C4<0>, C4<0>;
v0000000000915780_0 .net "a", 0 0, L_000000000092a5b0;  1 drivers
v0000000000916040_0 .net "b", 0 0, L_0000000000927310;  1 drivers
v0000000000915be0_0 .net "cin", 0 0, L_0000000000927950;  1 drivers
v0000000000916360_0 .net "cout", 0 0, L_00000000009238b0;  1 drivers
v0000000000915e60_0 .net "outL", 0 0, L_0000000000924090;  1 drivers
v0000000000915140_0 .net "outR", 0 0, L_00000000009244f0;  1 drivers
v0000000000915500_0 .net "tmp", 0 0, L_0000000000923e60;  1 drivers
v00000000009155a0_0 .net "z", 0 0, L_0000000000922c70;  1 drivers
    .scope S_00000000008ae3b0;
T_0 ;
    %pushi/vec4 500, 0, 32;
T_0.0 %dup/vec4;
    %pushi/vec4 0, 0, 32;
    %cmp/s;
    %jmp/1xz T_0.1, 5;
    %jmp/1 T_0.1, 4;
    %pushi/vec4 1, 0, 32;
    %sub;
    %vpi_func 2 12 "$random" 32 {0 0 0};
    %store/vec4 v0000000000915960_0, 0, 32;
    %vpi_func 2 13 "$random" 32 {0 0 0};
    %store/vec4 v0000000000914ec0_0, 0, 32;
    %vpi_func 2 14 "$random" 32 {0 0 0};
    %pushi/vec4 2, 0, 32;
    %mod/s;
    %pad/s 1;
    %store/vec4 v0000000000915640_0, 0, 1;
    %delay 1, 0;
    %load/vec4 v0000000000915960_0;
    %load/vec4 v0000000000914ec0_0;
    %add;
    %load/vec4 v0000000000915640_0;
    %pad/u 32;
    %add;
    %store/vec4 v0000000000916220_0, 0, 32;
    %pushi/vec4 0, 0, 1;
    %store/vec4 v00000000009153c0_0, 0, 1;
    %load/vec4 v0000000000916220_0;
    %load/vec4 v00000000009156e0_0;
    %cmp/e;
    %jmp/0xz  T_0.2, 6;
    %pushi/vec4 1, 0, 1;
    %store/vec4 v00000000009153c0_0, 0, 1;
T_0.2 ;
    %load/vec4 v00000000009153c0_0;
    %nor/r;
    %flag_set/vec4 8;
    %jmp/0xz  T_0.4, 8;
    %vpi_call 2 18 "$display", "Module Failed: a=%b b=%b z=%b", v0000000000915960_0, v0000000000914ec0_0, v00000000009156e0_0 {0 0 0};
T_0.4 ;
    %jmp T_0.0;
T_0.1 ;
    %pop/vec4 1;
    %end;
    .thread T_0;
# The file index is used to find the file name in the following table.
:file_names 5;
    "N/A";
    "<interactive>";
    "LabL6.v";
    "yAdder.v";
    "yAdder1.v";
