#! /usr/local/iverilog/bin/vvp
:ivl_version "11.0 (devel)" "(s20150603-642-g3bdb50da)";
:ivl_delay_selection "TYPICAL";
:vpi_time_precision + 0;
:vpi_module "system";
:vpi_module "vhdl_sys";
:vpi_module "vhdl_textio";
:vpi_module "v2005_math";
:vpi_module "va_math";
S_000000000104bb10 .scope module, "labK" "labK" 2 1;
 .timescale 0 0;
v0000000000f52ce0_0 .var "x", 31 0;
v000000000104ca80_0 .var "y", 31 0;
v000000000104cb20_0 .var "z", 31 0;
    .scope S_000000000104bb10;
T_0 ;
    %delay 10, 0;
    %pushi/vec4 5, 0, 32;
    %store/vec4 v0000000000f52ce0_0, 0, 32;
    %vpi_call 2 7 "$monitor", "%2d: x=%1d y=%1d z=%1d", $time, v0000000000f52ce0_0, v000000000104ca80_0, v000000000104cb20_0 {0 0 0};
    %delay 10, 0;
    %load/vec4 v0000000000f52ce0_0;
    %addi 1, 0, 32;
    %store/vec4 v000000000104ca80_0, 0, 32;
    %vpi_call 2 10 "$monitor", "%2d: x=%1d y=%1d z=%1d", $time, v0000000000f52ce0_0, v000000000104ca80_0, v000000000104cb20_0 {0 0 0};
    %delay 10, 0;
    %load/vec4 v000000000104ca80_0;
    %addi 1, 0, 32;
    %store/vec4 v000000000104cb20_0, 0, 32;
    %vpi_call 2 13 "$monitor", "%2d: x=%1d y=%1d z=%1d", $time, v0000000000f52ce0_0, v000000000104ca80_0, v000000000104cb20_0 {0 0 0};
    %delay 1, 0;
    %vpi_call 2 14 "$finish" {0 0 0};
    %end;
    .thread T_0;
    .scope S_000000000104bb10;
T_1 ;
    %delay 7, 0;
    %load/vec4 v0000000000f52ce0_0;
    %addi 1, 0, 32;
    %store/vec4 v0000000000f52ce0_0, 0, 32;
    %jmp T_1;
    .thread T_1;
# The file index is used to find the file name in the following table.
:file_names 3;
    "N/A";
    "<interactive>";
    "LabK2.v";
